<?xml version="1.0" encoding="UTF-8"?>
<testng-results ignored="0" total="1" passed="1" failed="0" skipped="0">
  <reporter-output>
  </reporter-output>
  <suite started-at="2026-01-29T20:22:09 IST" name="Default suite" finished-at="2026-01-29T20:23:14 IST" duration-ms="65325">
    <groups>
    </groups>
    <test started-at="2026-01-29T20:22:09 IST" name="Default test" finished-at="2026-01-29T20:23:14 IST" duration-ms="65325">
      <class name="saasOpsTestCase.CreateZone">
        <test-method is-config="true" signature="setup()[pri:0, instance:saasOpsTestCase.CreateZone@8c3b9d]" started-at="2026-01-29T20:22:09 IST" name="setup" finished-at="2026-01-29T20:22:16 IST" duration-ms="6994" status="PASS">
          <reporter-output>
          </reporter-output>
        </test-method> <!-- setup -->
        <test-method signature="createZoneAccount()[pri:0, instance:saasOpsTestCase.CreateZone@8c3b9d]" started-at="2026-01-29T20:22:16 IST" name="createZoneAccount" finished-at="2026-01-29T20:23:14 IST" duration-ms="58247" status="PASS">
          <reporter-output>
          </reporter-output>
        </test-method> <!-- createZoneAccount -->
      </class> <!-- saasOpsTestCase.CreateZone -->
    </test> <!-- Default test -->
  </suite> <!-- Default suite -->
</testng-results>
